<?xml version="1.0" encoding="utf-8"?><testsuites name="pytest tests"><testsuite name="pytest" errors="0" failures="0" skipped="0" tests="17" time="6.412" timestamp="2026-06-25T08:18:12.596988+00:00" hostname="agent-env-abff5f41-4e78-4f6c-98cb-bc7e35f8db0c"><testcase classname="backend.tests.test_about_stories.TestPublicEndpoints" name="test_public_about_blocks_returns_visible_sorted" time="0.150" /><testcase classname="backend.tests.test_about_stories.TestPublicEndpoints" name="test_public_stories_returns_visible_sorted" time="0.111" /><testcase classname="backend.tests.test_about_stories.TestAdminAuthGating" name="test_admin_about_blocks_requires_auth" time="0.085" /><testcase classname="backend.tests.test_about_stories.TestAdminAuthGating" name="test_admin_stories_requires_auth" time="0.157" /><testcase classname="backend.tests.test_about_stories.TestAdminAuthGating" name="test_admin_about_blocks_with_token" time="0.422" /><testcase classname="backend.tests.test_about_stories.TestAdminAuthGating" name="test_admin_stories_with_token" time="0.100" /><testcase classname="backend.tests.test_about_stories.TestAdminAboutBlocksCRUD" name="test_full_lifecycle_create_update_visibility_delete" time="0.749" /><testcase classname="backend.tests.test_about_stories.TestAdminAboutBlocksCRUD" name="test_reorder_about_blocks" time="0.586" /><testcase classname="backend.tests.test_about_stories.TestAdminStoriesCRUD" name="test_full_lifecycle_and_cover_upload" time="0.742" /><testcase classname="backend.tests.test_about_stories.TestAdminStoriesCRUD" name="test_reorder_stories" time="0.517" /><testcase classname="backend.tests.test_about_stories.TestSnapshotPersistence" name="test_snapshot_contains_new_block_within_seconds" time="2.170" /><testcase classname="backend.tests.test_about_stories.TestLiveSyncRegression" name="test_gallery_hero_live_file" time="0.092" /><testcase classname="backend.tests.test_about_stories.TestLiveSyncRegression" name="test_gallery_categories_exact" time="0.092" /><testcase classname="backend.tests.test_about_stories.TestLiveSyncRegression" name="test_gallery_section_89_unique" time="0.089" /><testcase classname="backend.tests.test_about_stories.TestExistingHerosIntact" name="test_hero_loads[gallery-hero]" time="0.110" /><testcase classname="backend.tests.test_about_stories.TestExistingHerosIntact" name="test_hero_loads[pricing-hero]" time="0.076" /><testcase classname="backend.tests.test_about_stories.TestExistingHerosIntact" name="test_hero_loads[contact-hero]" time="0.070" /></testsuite></testsuites>