<?xml version="1.0" encoding="utf-8"?><testsuites name="pytest tests"><testsuite name="pytest" errors="0" failures="1" skipped="0" tests="3" time="1.787" timestamp="2026-06-27T07:35:22.980503+00:00" hostname="agent-env-abff5f41-4e78-4f6c-98cb-bc7e35f8db0c"><testcase classname="backend.tests.test_contact_admin" name="test_admin_content_contains_all_contact_keys" time="0.850"><failure message="AssertionError: contact group missing. Got groups: ['general']&#10;assert 'contact' in {'general': [{'key': 'brand.name', 'value': 'Once Were Wild', 'type': 'text', 'label': 'brand.name'}, {'key': 'brand.sub', 'value': 'Travel', 'type': 'text', 'label': 'brand.sub'}, {'key': 'brand.tagline', 'value': 'Rediscover the woman who was always wild at heart.', 'type': 'text', 'label': 'brand.tagline'}, {'key': 'contact.directions.label', 'value': 'Get Directions', 'type': 'text', 'label': 'contact.directions.label'}, {'key': 'contact.errors.email', 'value': 'Please enter a valid email address.', 'type': 'text', 'label': 'contact.errors.email'}, {'key': 'contact.errors.first_name', 'value': 'Please tell us your first name.', 'type': 'text', 'label': 'contact.errors.first_name'}, ...]}">backend/tests/test_contact_admin.py:76: in test_admin_content_contains_all_contact_keys
    assert "contact" in groups, f"contact group missing. Got groups: {list(groups.keys())}"
E   AssertionError: contact group missing. Got groups: ['general']
E   assert 'contact' in {'general': [{'key': 'brand.name', 'value': 'Once Were Wild', 'type': 'text', 'label': 'brand.name'}, {'key': 'brand.sub', 'value': 'Travel', 'type': 'text', 'label': 'brand.sub'}, {'key': 'brand.tagline', 'value': 'Rediscover the woman who was always wild at heart.', 'type': 'text', 'label': 'brand.tagline'}, {'key': 'contact.directions.label', 'value': 'Get Directions', 'type': 'text', 'label': 'contact.directions.label'}, {'key': 'contact.errors.email', 'value': 'Please enter a valid email address.', 'type': 'text', 'label': 'contact.errors.email'}, {'key': 'contact.errors.first_name', 'value': 'Please tell us your first name.', 'type': 'text', 'label': 'contact.errors.first_name'}, ...]}</failure></testcase><testcase classname="backend.tests.test_contact_admin" name="test_public_content_returns_contact_keys" time="0.252" /><testcase classname="backend.tests.test_contact_admin" name="test_edit_first_name_label_persists_and_reverts" time="0.616" /></testsuite></testsuites>