<?xml version="1.0" encoding="utf-8"?><testsuites name="pytest tests"><testsuite name="pytest" errors="0" failures="0" skipped="0" tests="27" time="4.429" timestamp="2026-06-22T05:33:39.038399+00:00" hostname="agent-env-eb10d05c-3bc9-4442-b0d8-baefc668fc19"><testcase classname="backend.tests.test_default_media_seed.TestDefaultMediaSeed" name="test_seed_flag_set" time="0.001" /><testcase classname="backend.tests.test_default_media_seed.TestDefaultMediaSeed" name="test_all_media_minimum_24" time="0.234" /><testcase classname="backend.tests.test_default_media_seed.TestDefaultMediaSeed" name="test_section_min_count[hero-5]" time="0.098" /><testcase classname="backend.tests.test_default_media_seed.TestDefaultMediaSeed" name="test_section_min_count[gallery-10]" time="0.098" /><testcase classname="backend.tests.test_default_media_seed.TestDefaultMediaSeed" name="test_section_min_count[pillars-0-1]" time="0.101" /><testcase classname="backend.tests.test_default_media_seed.TestDefaultMediaSeed" name="test_section_min_count[pillars-1-1]" time="0.099" /><testcase classname="backend.tests.test_default_media_seed.TestDefaultMediaSeed" name="test_section_min_count[pillars-2-1]" time="0.098" /><testcase classname="backend.tests.test_default_media_seed.TestDefaultMediaSeed" name="test_section_min_count[immersive-1]" time="0.099" /><testcase classname="backend.tests.test_default_media_seed.TestDefaultMediaSeed" name="test_section_min_count[maleny-1]" time="0.096" /><testcase classname="backend.tests.test_default_media_seed.TestDefaultMediaSeed" name="test_section_min_count[pricing-hero-1]" time="0.095" /><testcase classname="backend.tests.test_default_media_seed.TestDefaultMediaSeed" name="test_section_min_count[gallery-hero-1]" time="0.095" /><testcase classname="backend.tests.test_default_media_seed.TestDefaultMediaSeed" name="test_section_min_count[contact-hero-1]" time="0.095" /><testcase classname="backend.tests.test_default_media_seed.TestDefaultMediaSeed" name="test_section_min_count[contact-bg-1]" time="0.102" /><testcase classname="backend.tests.test_default_media_seed.TestDefaultMediaSeed" name="test_gallery_categories_distribution" time="0.107" /><testcase classname="backend.tests.test_default_media_seed.TestSeedIdempotency" name="test_running_seed_again_inserts_nothing" time="0.002" /><testcase classname="backend.tests.test_default_media_seed.TestSeedIdempotency" name="test_delete_sticks_then_restore" time="0.616" /><testcase classname="backend.tests.test_default_media_seed.TestAdminAuthGating" name="test_requires_bearer[post-/admin/media-payload0]" time="0.098" /><testcase classname="backend.tests.test_default_media_seed.TestAdminAuthGating" name="test_requires_bearer[put-/admin/content-payload1]" time="0.097" /><testcase classname="backend.tests.test_default_media_seed.TestAdminAuthGating" name="test_requires_bearer[patch-/admin/media/anyid-payload2]" time="0.092" /><testcase classname="backend.tests.test_default_media_seed.TestAdminAuthGating" name="test_requires_bearer[delete-/admin/media/anyid-None]" time="0.094" /><testcase classname="backend.tests.test_default_media_seed.TestAdminAuthGating" name="test_requires_bearer[get-/admin/stats-None]" time="0.104" /><testcase classname="backend.tests.test_default_media_seed.TestContentUpdate" name="test_put_content_round_trip" time="0.340" /><testcase classname="backend.tests.test_media_sections" name="test_public_media_endpoint_no_auth[hero]" time="0.108" /><testcase classname="backend.tests.test_media_sections" name="test_public_media_endpoint_no_auth[gallery]" time="0.101" /><testcase classname="backend.tests.test_media_sections" name="test_admin_media_requires_bearer" time="0.097" /><testcase classname="backend.tests.test_media_sections" name="test_media_create_visible_publicly_then_delete[hero-None]" time="0.707" /><testcase classname="backend.tests.test_media_sections" name="test_media_create_visible_publicly_then_delete[gallery-Maleny Retreats]" time="0.384" /></testsuite></testsuites>