<?xml version="1.0" encoding="utf-8"?><testsuites name="pytest tests"><testsuite name="pytest" errors="0" failures="0" skipped="0" tests="10" time="3.294" timestamp="2026-06-22T05:16:44.057600+00:00" hostname="agent-env-eb10d05c-3bc9-4442-b0d8-baefc668fc19"><testcase classname="backend.tests.test_content.TestPublicContent" name="test_get_content_returns_flat_map_with_required_keys" time="0.270" /><testcase classname="backend.tests.test_content.TestPublicContent" name="test_admin_content_requires_bearer" time="0.232" /><testcase classname="backend.tests.test_content.TestAdminContent" name="test_admin_content_grouped" time="0.425" /><testcase classname="backend.tests.test_content.TestAdminContent" name="test_bulk_update_and_revert" time="0.424" /><testcase classname="backend.tests.test_content.TestAdminPillarMedia" name="test_pillars0_create_get_delete" time="0.413" /><testcase classname="backend.tests.test_media_sections" name="test_public_media_endpoint_no_auth[hero]" time="0.096" /><testcase classname="backend.tests.test_media_sections" name="test_public_media_endpoint_no_auth[gallery]" time="0.124" /><testcase classname="backend.tests.test_media_sections" name="test_admin_media_requires_bearer" time="0.127" /><testcase classname="backend.tests.test_media_sections" name="test_media_create_visible_publicly_then_delete[hero-None]" time="0.720" /><testcase classname="backend.tests.test_media_sections" name="test_media_create_visible_publicly_then_delete[gallery-Maleny Retreats]" time="0.398" /></testsuite></testsuites>