<?xml version="1.0" encoding="utf-8"?><testsuites name="pytest tests"><testsuite name="pytest" errors="0" failures="0" skipped="0" tests="8" time="1.634" timestamp="2026-06-27T09:08:31.271327+00:00" hostname="agent-env-2dcb9e2e-e1cf-4460-bfa8-d68f3974754d"><testcase classname="backend.tests.test_blog.TestPublicBlog" name="test_list_returns_array" time="0.422" /><testcase classname="backend.tests.test_blog.TestPublicBlog" name="test_unknown_slug_404" time="0.045" /><testcase classname="backend.tests.test_blog.TestAuthGate" name="test_admin_post_no_auth_401" time="0.046" /><testcase classname="backend.tests.test_blog.TestAuthGate" name="test_admin_list_no_auth_401" time="0.043" /><testcase classname="backend.tests.test_blog.TestSlugAndCreate" name="test_create_default_draft_and_slug_hello" time="0.089" /><testcase classname="backend.tests.test_blog.TestSlugAndCreate" name="test_create_same_title_appends_2" time="0.047" /><testcase classname="backend.tests.test_blog.TestSlugAndCreate" name="test_create_third_same_title_appends_3" time="0.044" /><testcase classname="backend.tests.test_blog.TestPublishFlow" name="test_publish_draft_makes_public_then_delete" time="0.822" /></testsuite></testsuites>