<?xml version="1.0" encoding="utf-8"?><testsuites name="pytest tests"><testsuite name="pytest" errors="0" failures="0" skipped="0" tests="3" time="1.683" timestamp="2026-06-27T07:49:12.123263+00:00" hostname="agent-env-abff5f41-4e78-4f6c-98cb-bc7e35f8db0c"><testcase classname="backend.tests.test_contact_admin" name="test_admin_content_contains_all_contact_keys" time="1.092" /><testcase classname="backend.tests.test_contact_admin" name="test_public_content_returns_contact_keys" time="0.087" /><testcase classname="backend.tests.test_contact_admin" name="test_edit_first_name_label_persists_and_reverts" time="0.451" /></testsuite></testsuites>