<?xml version="1.0" encoding="utf-8"?><testsuites name="pytest tests"><testsuite name="pytest" errors="0" failures="0" skipped="0" tests="13" time="1.647" timestamp="2026-06-25T09:59:15.723242+00:00" hostname="agent-env-abff5f41-4e78-4f6c-98cb-bc7e35f8db0c"><testcase classname="backend.tests.test_videos_and_smoke.TestVideoCompression" name="test_no_file_under_uploads_exceeds_100mb" time="0.005" /><testcase classname="backend.tests.test_videos_and_smoke.TestVideoCompression" name="test_compressed_video_exists_and_valid_mp4[91e7dfe008604e55ae0f85459f911fea.mp4]" time="0.000" /><testcase classname="backend.tests.test_videos_and_smoke.TestVideoCompression" name="test_compressed_video_exists_and_valid_mp4[5084e72e854f40a48ca0c015dffd499a.mp4]" time="0.000" /><testcase classname="backend.tests.test_videos_and_smoke.TestVideoCompression" name="test_compressed_video_exists_and_valid_mp4[d252a0f866ae469d9e3d52b5e998ca31.mp4]" time="0.000" /><testcase classname="backend.tests.test_videos_and_smoke.TestVideoServing" name="test_video_head_returns_200_and_correct_length[91e7dfe008604e55ae0f85459f911fea.mp4]" time="0.559" /><testcase classname="backend.tests.test_videos_and_smoke.TestVideoServing" name="test_video_head_returns_200_and_correct_length[5084e72e854f40a48ca0c015dffd499a.mp4]" time="0.291" /><testcase classname="backend.tests.test_videos_and_smoke.TestVideoServing" name="test_video_head_returns_200_and_correct_length[d252a0f866ae469d9e3d52b5e998ca31.mp4]" time="0.093" /><testcase classname="backend.tests.test_videos_and_smoke.TestPublicRoutes" name="test_route_returns_200[/]" time="0.099" /><testcase classname="backend.tests.test_videos_and_smoke.TestPublicRoutes" name="test_route_returns_200[/pricing]" time="0.098" /><testcase classname="backend.tests.test_videos_and_smoke.TestPublicRoutes" name="test_route_returns_200[/gallery]" time="0.089" /><testcase classname="backend.tests.test_videos_and_smoke.TestPublicRoutes" name="test_route_returns_200[/about]" time="0.107" /><testcase classname="backend.tests.test_videos_and_smoke.TestPublicRoutes" name="test_route_returns_200[/contact]" time="0.144" /><testcase classname="backend.tests.test_videos_and_smoke.TestPublicRoutes" name="test_route_returns_200[/cookies]" time="0.094" /></testsuite></testsuites>