<?xml version="1.0" encoding="utf-8"?><testsuites name="pytest tests"><testsuite name="pytest" errors="0" failures="0" skipped="0" tests="11" time="2.164" timestamp="2026-06-21T21:17:50.183187+00:00" hostname="agent-env-11d83407-8aad-4849-a1c9-19c6321e5dac"><testcase classname="backend.tests.backend_test.TestContact" name="test_contact_short_message_rejected" time="0.181" /><testcase classname="backend.tests.backend_test.TestContact" name="test_contact_create_valid" time="0.048" /><testcase classname="backend.tests.backend_test.TestLeads" name="test_lead_create" time="0.054" /><testcase classname="backend.tests.backend_test.TestAuthSecurity" name="test_admin_no_token_returns_401" time="0.048" /><testcase classname="backend.tests.backend_test.TestAuthSecurity" name="test_wrong_password_returns_401" time="0.278" /><testcase classname="backend.tests.backend_test.TestAuthSecurity" name="test_lockout_after_three_wrong_attempts" time="0.014" /><testcase classname="backend.tests.backend_test.TestAdmin" name="test_stats" time="0.376" /><testcase classname="backend.tests.backend_test.TestAdmin" name="test_submissions_list_and_patch" time="0.197" /><testcase classname="backend.tests.backend_test.TestAdmin" name="test_media_crud" time="0.325" /><testcase classname="backend.tests.backend_test.TestAdmin" name="test_settings_update_persists" time="0.198" /><testcase classname="backend.tests.backend_test.TestChangePassword" name="test_change_password_rejects_wrong_current" time="0.278" /></testsuite></testsuites>