<?xml version="1.0" encoding="utf-8"?><testsuites name="pytest tests"><testsuite name="pytest" errors="0" failures="0" skipped="0" tests="5" time="2.007" timestamp="2026-06-22T04:26:19.951515+00:00" hostname="agent-env-eb10d05c-3bc9-4442-b0d8-baefc668fc19"><testcase classname="backend.tests.test_content.TestPublicContent" name="test_get_content_returns_flat_map_with_required_keys" time="0.264" /><testcase classname="backend.tests.test_content.TestPublicContent" name="test_admin_content_requires_bearer" time="0.276" /><testcase classname="backend.tests.test_content.TestAdminContent" name="test_admin_content_grouped" time="0.485" /><testcase classname="backend.tests.test_content.TestAdminContent" name="test_bulk_update_and_revert" time="0.515" /><testcase classname="backend.tests.test_content.TestAdminPillarMedia" name="test_pillars0_create_get_delete" time="0.401" /></testsuite></testsuites>